# JRE version: Java(TM) SE Runtime Environment (21.0.1+12) (build 21.0.1+12-LTS-29)
# Java VM: Java HotSpot(TM) 64-Bit Server VM (21.0.1+12-LTS-29, mixed mode, emulated-client, sharing, tiered, compressed oops, compressed class ptrs, g1 gc, windows-amd64)
GC Precious Log:
 CardTable entry size: 512
 Card Set container configuration: InlinePtr #cards 4 size 8 Array Of Cards #cards 16 size 48 Howl #buckets 8 coarsen threshold 3686 Howl Bitmap #cards 512 size 80 coarsen threshold 460 Card regions per heap region 1 cards per card region 4096
 CPUs: 12 total, 12 available
 Memory: 16068M
 Large Page Support: Disabled
 NUMA Support: Disabled
 Compressed Oops: Enabled (Zero based)
 Heap Region Size: 2M
 Heap Min Capacity: 8M
 Heap Initial Capacity: 252M
 Heap Max Capacity: 4018M
 Pre-touch: Disabled
 Parallel Workers: 10
 Concurrent Workers: 3
 Concurrent Refinement Workers: 10
 Periodic GC: Disabled
Heap:
 garbage-first heap   total 133120K, used 67064K [0x0000000704e00000, 0x0000000800000000)
  region size 2048K, 13 young (26624K), 4 survivors (8192K)
 Metaspace       used 65667K, committed 66240K, reserved 1114112K
  class space    used 9023K, committed 9280K, reserved 1048576K
GC Heap History (20 events):
Event: 91.954 GC heap before
{Heap before GC invocations=36 (full 2):
 garbage-first heap   total 110592K, used 89030K [0x0000000704e00000, 0x0000000800000000)
  region size 2048K, 25 young (51200K), 4 survivors (8192K)
 Metaspace       used 64427K, committed 65088K, reserved 1114112K
  class space    used 8890K, committed 9280K, reserved 1048576K
}
Event: 91.958 GC heap after
{Heap after GC invocations=37 (full 2):
 garbage-first heap   total 110592K, used 48107K [0x0000000704e00000, 0x0000000800000000)
  region size 2048K, 3 young (6144K), 3 survivors (6144K)
 Metaspace       used 64427K, committed 65088K, reserved 1114112K
  class space    used 8890K, committed 9280K, reserved 1048576K
}
Event: 96.054 GC heap before
{Heap before GC invocations=38 (full 2):
 garbage-first heap   total 110592K, used 60395K [0x0000000704e00000, 0x0000000800000000)
  region size 2048K, 11 young (22528K), 3 survivors (6144K)
 Metaspace       used 64439K, committed 65088K, reserved 1114112K
  class space    used 8891K, committed 9280K, reserved 1048576K
}
Event: 96.089 GC heap after
{Heap after GC invocations=39 (full 3):
 garbage-first heap   total 110592K, used 40272K [0x0000000704e00000, 0x0000000800000000)
  region size 2048K, 0 young (0K), 0 survivors (0K)
 Metaspace       used 64439K, committed 65088K, reserved 1114112K
  class space    used 8891K, committed 9280K, reserved 1048576K
}
Event: 96.212 GC heap before
{Heap before GC invocations=39 (full 3):
 garbage-first heap   total 110592K, used 91472K [0x0000000704e00000, 0x0000000800000000)
  region size 2048K, 26 young (53248K), 0 survivors (0K)
 Metaspace       used 64441K, committed 65088K, reserved 1114112K
  class space    used 8891K, committed 9280K, reserved 1048576K
}
Event: 96.214 GC heap after
{Heap after GC invocations=40 (full 3):
 garbage-first heap   total 110592K, used 42320K [0x0000000704e00000, 0x0000000800000000)
  region size 2048K, 1 young (2048K), 1 survivors (2048K)
 Metaspace       used 64441K, committed 65088K, reserved 1114112K
  class space    used 8891K, committed 9280K, reserved 1048576K
}
Event: 96.270 GC heap before
{Heap before GC invocations=40 (full 3):
 garbage-first heap   total 110592K, used 93520K [0x0000000704e00000, 0x0000000800000000)
  region size 2048K, 26 young (53248K), 1 survivors (2048K)
 Metaspace       used 64441K, committed 65088K, reserved 1114112K
  class space    used 8891K, committed 9280K, reserved 1048576K
}
Event: 96.272 GC heap after
{Heap after GC invocations=41 (full 3):
 garbage-first heap   total 133120K, used 42134K [0x0000000704e00000, 0x0000000800000000)
  region size 2048K, 1 young (2048K), 1 survivors (2048K)
 Metaspace       used 64441K, committed 65088K, reserved 1114112K
  class space    used 8891K, committed 9280K, reserved 1048576K
}
Event: 96.642 GC heap before
{Heap before GC invocations=41 (full 3):
 garbage-first heap   total 133120K, used 113814K [0x0000000704e00000, 0x0000000800000000)
  region size 2048K, 36 young (73728K), 1 survivors (2048K)
 Metaspace       used 64715K, committed 65344K, reserved 1114112K
  class space    used 8927K, committed 9280K, reserved 1048576K
}
Event: 96.645 GC heap after
{Heap after GC invocations=42 (full 3):
 garbage-first heap   total 133120K, used 45776K [0x0000000704e00000, 0x0000000800000000)
  region size 2048K, 3 young (6144K), 3 survivors (6144K)
 Metaspace       used 64715K, committed 65344K, reserved 1114112K
  class space    used 8927K, committed 9280K, reserved 1048576K
}
Event: 97.132 GC heap before
{Heap before GC invocations=42 (full 3):
 garbage-first heap   total 133120K, used 111312K [0x0000000704e00000, 0x0000000800000000)
  region size 2048K, 35 young (71680K), 3 survivors (6144K)
 Metaspace       used 65011K, committed 65600K, reserved 1114112K
  class space    used 8951K, committed 9280K, reserved 1048576K
}
Event: 97.136 GC heap after
{Heap after GC invocations=43 (full 3):
 garbage-first heap   total 133120K, used 49642K [0x0000000704e00000, 0x0000000800000000)
  region size 2048K, 4 young (8192K), 4 survivors (8192K)
 Metaspace       used 65011K, committed 65600K, reserved 1114112K
  class space    used 8951K, committed 9280K, reserved 1048576K
}
Event: 111.732 GC heap before
{Heap before GC invocations=43 (full 3):
 garbage-first heap   total 133120K, used 86506K [0x0000000704e00000, 0x0000000800000000)
  region size 2048K, 23 young (47104K), 4 survivors (8192K)
 Metaspace       used 65060K, committed 65664K, reserved 1114112K
  class space    used 8954K, committed 9280K, reserved 1048576K
}
Event: 111.770 GC heap after
{Heap after GC invocations=44 (full 4):
 garbage-first heap   total 133120K, used 42963K [0x0000000704e00000, 0x0000000800000000)
  region size 2048K, 0 young (0K), 0 survivors (0K)
 Metaspace       used 65060K, committed 65664K, reserved 1114112K
  class space    used 8954K, committed 9280K, reserved 1048576K
}
Event: 111.921 GC heap before
{Heap before GC invocations=44 (full 4):
 garbage-first heap   total 133120K, used 112595K [0x0000000704e00000, 0x0000000800000000)
  region size 2048K, 35 young (71680K), 0 survivors (0K)
 Metaspace       used 65062K, committed 65664K, reserved 1114112K
  class space    used 8955K, committed 9280K, reserved 1048576K
}
Event: 111.922 GC heap after
{Heap after GC invocations=45 (full 4):
 garbage-first heap   total 133120K, used 44930K [0x0000000704e00000, 0x0000000800000000)
  region size 2048K, 1 young (2048K), 1 survivors (2048K)
 Metaspace       used 65062K, committed 65664K, reserved 1114112K
  class space    used 8955K, committed 9280K, reserved 1048576K
}
Event: 112.130 GC heap before
{Heap before GC invocations=45 (full 4):
 garbage-first heap   total 133120K, used 116610K [0x0000000704e00000, 0x0000000800000000)
  region size 2048K, 36 young (73728K), 1 survivors (2048K)
 Metaspace       used 65120K, committed 65728K, reserved 1114112K
  class space    used 8966K, committed 9280K, reserved 1048576K
}
Event: 112.132 GC heap after
{Heap after GC invocations=46 (full 4):
 garbage-first heap   total 133120K, used 46404K [0x0000000704e00000, 0x0000000800000000)
  region size 2048K, 2 young (4096K), 2 survivors (4096K)
 Metaspace       used 65120K, committed 65728K, reserved 1114112K
  class space    used 8966K, committed 9280K, reserved 1048576K
}
Event: 112.613 GC heap before
{Heap before GC invocations=46 (full 4):
 garbage-first heap   total 133120K, used 113988K [0x0000000704e00000, 0x0000000800000000)
  region size 2048K, 35 young (71680K), 2 survivors (4096K)
 Metaspace       used 65560K, committed 66112K, reserved 1114112K
  class space    used 9018K, committed 9280K, reserved 1048576K
}
Event: 112.617 GC heap after
{Heap after GC invocations=47 (full 4):
 garbage-first heap   total 133120K, used 50680K [0x0000000704e00000, 0x0000000800000000)
  region size 2048K, 4 young (8192K), 4 survivors (8192K)
 Metaspace       used 65560K, committed 66112K, reserved 1114112K
  class space    used 9018K, committed 9280K, reserved 1048576K
}

